<?xml version="1.0" encoding="UTF-8"?>
<testng-results ignored="0" total="1" passed="1" failed="0" skipped="0">
  <reporter-output>
  </reporter-output>
  <suite started-at="2023-12-17T11:41:11 IST" name="Suite" finished-at="2023-12-17T11:41:20 IST" duration-ms="8578">
    <groups>
    </groups>
    <test started-at="2023-12-17T11:41:11 IST" name="Test" finished-at="2023-12-17T11:41:20 IST" duration-ms="8578">
      <class name="com.qa.login.LoginTest">
        <test-method is-config="true" signature="initialiseBrowser()[pri:0, instance:com.qa.login.LoginTest@3e84448c]" started-at="2023-12-17T11:41:12 IST" name="initialiseBrowser" finished-at="2023-12-17T11:41:19 IST" duration-ms="6791" status="PASS">
          <reporter-output>
          </reporter-output>
        </test-method> <!-- initialiseBrowser -->
        <test-method signature="loginTestone(java.lang.String,java.lang.String)[pri:0, instance:com.qa.login.LoginTest@3e84448c]" started-at="2023-12-17T11:41:19 IST" name="loginTestone" data-provider="getDataExcel" finished-at="2023-12-17T11:41:20 IST" duration-ms="819" status="PASS">
          <params>
            <param index="0">
              <value>
                <![CDATA[Admin]]>
              </value>
            </param>
            <param index="1">
              <value>
                <![CDATA[admin123]]>
              </value>
            </param>
          </params>
          <reporter-output>
          </reporter-output>
        </test-method> <!-- loginTestone -->
        <test-method is-config="true" signature="tearDown()[pri:0, instance:com.qa.login.LoginTest@3e84448c]" started-at="2023-12-17T11:41:20 IST" name="tearDown" finished-at="2023-12-17T11:41:20 IST" duration-ms="1" status="PASS">
          <reporter-output>
          </reporter-output>
        </test-method> <!-- tearDown -->
      </class> <!-- com.qa.login.LoginTest -->
    </test> <!-- Test -->
  </suite> <!-- Suite -->
</testng-results>
