<?xml version="1.0" encoding="UTF-8"?>
<testng-results ignored="0" total="2" passed="2" failed="0" skipped="0">
  <reporter-output>
  </reporter-output>
  <suite started-at="2023-12-17T14:03:46 IST" name="Suite" finished-at="2023-12-17T14:04:06 IST" duration-ms="20234">
    <groups>
    </groups>
    <test started-at="2023-12-17T14:03:46 IST" name="Test" finished-at="2023-12-17T14:04:06 IST" duration-ms="20234">
      <class name="com.qa.login.LoginTest">
        <test-method is-config="true" signature="initialiseBrowser()[pri:0, instance:com.qa.login.LoginTest@342c38f8]" started-at="2023-12-17T14:03:47 IST" name="initialiseBrowser" finished-at="2023-12-17T14:03:51 IST" duration-ms="4445" status="PASS">
          <reporter-output>
          </reporter-output>
        </test-method> <!-- initialiseBrowser -->
        <test-method signature="loginTestone(java.lang.String,java.lang.String)[pri:0, instance:com.qa.login.LoginTest@342c38f8]" started-at="2023-12-17T14:03:51 IST" name="loginTestone" data-provider="getDataExcel" finished-at="2023-12-17T14:03:52 IST" duration-ms="600" status="PASS">
          <params>
            <param index="0">
              <value>
                <![CDATA[Admin]]>
              </value>
            </param>
            <param index="1">
              <value>
                <![CDATA[admin123]]>
              </value>
            </param>
          </params>
          <reporter-output>
          </reporter-output>
        </test-method> <!-- loginTestone -->
        <test-method is-config="true" signature="tearDown()[pri:0, instance:com.qa.login.LoginTest@342c38f8]" started-at="2023-12-17T14:03:52 IST" name="tearDown" finished-at="2023-12-17T14:03:52 IST" duration-ms="1" status="PASS">
          <reporter-output>
          </reporter-output>
        </test-method> <!-- tearDown -->
      </class> <!-- com.qa.login.LoginTest -->
      <class name="com.qa.time.TimeTest">
        <test-method is-config="true" signature="initialiseBrowser()[pri:0, instance:com.qa.time.TimeTest@506ae4d4]" started-at="2023-12-17T14:03:52 IST" name="initialiseBrowser" finished-at="2023-12-17T14:03:57 IST" duration-ms="4860" status="PASS">
          <reporter-output>
          </reporter-output>
        </test-method> <!-- initialiseBrowser -->
        <test-method signature="EmployeeTimeTest(java.lang.String,java.lang.String)[pri:0, instance:com.qa.time.TimeTest@506ae4d4]" started-at="2023-12-17T14:03:57 IST" name="EmployeeTimeTest" data-provider="getDataExcel" finished-at="2023-12-17T14:04:06 IST" duration-ms="9253" status="PASS">
          <params>
            <param index="0">
              <value>
                <![CDATA[Admin]]>
              </value>
            </param>
            <param index="1">
              <value>
                <![CDATA[admin123]]>
              </value>
            </param>
          </params>
          <reporter-output>
          </reporter-output>
        </test-method> <!-- EmployeeTimeTest -->
        <test-method is-config="true" signature="tearDown()[pri:0, instance:com.qa.time.TimeTest@506ae4d4]" started-at="2023-12-17T14:04:06 IST" name="tearDown" finished-at="2023-12-17T14:04:06 IST" duration-ms="224" status="PASS">
          <reporter-output>
          </reporter-output>
        </test-method> <!-- tearDown -->
      </class> <!-- com.qa.time.TimeTest -->
    </test> <!-- Test -->
  </suite> <!-- Suite -->
</testng-results>
